[ 2017-01-16T21:21:22+08:00 ] 127.0.0.1 /online.php
INFO: [ app_init ] --START--
INFO: Run Behavior\BuildLiteBehavior [ RunTime:0.000025s ]
INFO: [ app_init ] --END-- [ RunTime:0.000586s ]
INFO: [ app_begin ] --START--
INFO: Run Behavior\ReadHtmlCacheBehavior [ RunTime:0.001018s ]
INFO: [ app_begin ] --END-- [ RunTime:0.001139s ]

[ 2017-01-16T21:25:03+08:00 ] 127.0.0.1 /online.php
INFO: [ app_init ] --START--
INFO: Run Behavior\BuildLiteBehavior [ RunTime:0.000025s ]
INFO: [ app_init ] --END-- [ RunTime:0.000581s ]
INFO: [ app_begin ] --START--
INFO: Run Behavior\ReadHtmlCacheBehavior [ RunTime:0.002587s ]
INFO: [ app_begin ] --END-- [ RunTime:0.002708s ]

[ 2017-01-16T21:25:04+08:00 ] 127.0.0.1 /online.php
INFO: [ app_init ] --START--
INFO: Run Behavior\BuildLiteBehavior [ RunTime:0.000028s ]
INFO: [ app_init ] --END-- [ RunTime:0.000566s ]
INFO: [ app_begin ] --START--
INFO: Run Behavior\ReadHtmlCacheBehavior [ RunTime:0.000783s ]
INFO: [ app_begin ] --END-- [ RunTime:0.000901s ]

[ 2017-01-16T21:25:05+08:00 ] 127.0.0.1 /online.php
INFO: [ app_init ] --START--
INFO: Run Behavior\BuildLiteBehavior [ RunTime:0.000024s ]
INFO: [ app_init ] --END-- [ RunTime:0.000518s ]
INFO: [ app_begin ] --START--
INFO: Run Behavior\ReadHtmlCacheBehavior [ RunTime:0.000719s ]
INFO: [ app_begin ] --END-- [ RunTime:0.000818s ]

[ 2017-01-16T21:25:05+08:00 ] 127.0.0.1 /online.php
INFO: [ app_init ] --START--
INFO: Run Behavior\BuildLiteBehavior [ RunTime:0.000025s ]
INFO: [ app_init ] --END-- [ RunTime:0.000804s ]
INFO: [ app_begin ] --START--
INFO: Run Behavior\ReadHtmlCacheBehavior [ RunTime:0.001075s ]
INFO: [ app_begin ] --END-- [ RunTime:0.001379s ]

[ 2017-01-16T21:25:05+08:00 ] 127.0.0.1 /online.php
INFO: [ app_init ] --START--
INFO: Run Behavior\BuildLiteBehavior [ RunTime:0.000024s ]
INFO: [ app_init ] --END-- [ RunTime:0.000519s ]
INFO: [ app_begin ] --START--
INFO: Run Behavior\ReadHtmlCacheBehavior [ RunTime:0.000774s ]
INFO: [ app_begin ] --END-- [ RunTime:0.000886s ]

[ 2017-01-16T21:27:08+08:00 ] 127.0.0.1 /online.php
INFO: [ app_init ] --START--
INFO: Run Behavior\BuildLiteBehavior [ RunTime:0.000025s ]
INFO: [ app_init ] --END-- [ RunTime:0.000594s ]
INFO: [ app_begin ] --START--
INFO: Run Behavior\ReadHtmlCacheBehavior [ RunTime:0.000821s ]
INFO: [ app_begin ] --END-- [ RunTime:0.001072s ]

[ 2017-01-16T21:27:09+08:00 ] 127.0.0.1 /online.php
INFO: [ app_init ] --START--
INFO: Run Behavior\BuildLiteBehavior [ RunTime:0.000023s ]
INFO: [ app_init ] --END-- [ RunTime:0.000506s ]
INFO: [ app_begin ] --START--
INFO: Run Behavior\ReadHtmlCacheBehavior [ RunTime:0.000668s ]
INFO: [ app_begin ] --END-- [ RunTime:0.000758s ]

[ 2017-01-16T21:27:09+08:00 ] 127.0.0.1 /online.php
INFO: [ app_init ] --START--
INFO: Run Behavior\BuildLiteBehavior [ RunTime:0.000026s ]
INFO: [ app_init ] --END-- [ RunTime:0.001856s ]
INFO: [ app_begin ] --START--
INFO: Run Behavior\ReadHtmlCacheBehavior [ RunTime:0.000812s ]
INFO: [ app_begin ] --END-- [ RunTime:0.000934s ]

[ 2017-01-16T21:27:10+08:00 ] 127.0.0.1 /online.php
INFO: [ app_init ] --START--
INFO: Run Behavior\BuildLiteBehavior [ RunTime:0.000025s ]
INFO: [ app_init ] --END-- [ RunTime:0.000545s ]
INFO: [ app_begin ] --START--
INFO: Run Behavior\ReadHtmlCacheBehavior [ RunTime:0.000670s ]
INFO: [ app_begin ] --END-- [ RunTime:0.000759s ]

[ 2017-01-16T21:27:10+08:00 ] 127.0.0.1 /online.php
INFO: [ app_init ] --START--
INFO: Run Behavior\BuildLiteBehavior [ RunTime:0.000024s ]
INFO: [ app_init ] --END-- [ RunTime:0.000614s ]
INFO: [ app_begin ] --START--
INFO: Run Behavior\ReadHtmlCacheBehavior [ RunTime:0.000667s ]
INFO: [ app_begin ] --END-- [ RunTime:0.000766s ]

[ 2017-01-16T21:41:14+08:00 ] 127.0.0.1 /online.php
INFO: [ app_init ] --START--
INFO: Run Behavior\BuildLiteBehavior [ RunTime:0.000027s ]
INFO: [ app_init ] --END-- [ RunTime:0.000665s ]
INFO: [ app_begin ] --START--
INFO: Run Behavior\ReadHtmlCacheBehavior [ RunTime:0.005173s ]
INFO: [ app_begin ] --END-- [ RunTime:0.005651s ]

[ 2017-01-16T21:41:15+08:00 ] 127.0.0.1 /online.php
INFO: [ app_init ] --START--
INFO: Run Behavior\BuildLiteBehavior [ RunTime:0.000026s ]
INFO: [ app_init ] --END-- [ RunTime:0.000525s ]
INFO: [ app_begin ] --START--
INFO: Run Behavior\ReadHtmlCacheBehavior [ RunTime:0.001027s ]
INFO: [ app_begin ] --END-- [ RunTime:0.001145s ]

[ 2017-01-16T21:41:17+08:00 ] 127.0.0.1 /online.php
INFO: [ app_init ] --START--
INFO: Run Behavior\BuildLiteBehavior [ RunTime:0.000024s ]
INFO: [ app_init ] --END-- [ RunTime:0.000547s ]
INFO: [ app_begin ] --START--
INFO: Run Behavior\ReadHtmlCacheBehavior [ RunTime:0.001180s ]
INFO: [ app_begin ] --END-- [ RunTime:0.001300s ]

[ 2017-01-16T21:41:26+08:00 ] 127.0.0.1 /online.php/admin/index
INFO: [ app_init ] --START--
INFO: Run Behavior\BuildLiteBehavior [ RunTime:0.000026s ]
INFO: [ app_init ] --END-- [ RunTime:0.000633s ]
INFO: [ app_begin ] --START--
INFO: Run Behavior\ReadHtmlCacheBehavior [ RunTime:0.001100s ]
INFO: [ app_begin ] --END-- [ RunTime:0.001218s ]
NOTIC: [8] Undefined index: currentuser D:\xampp\htdocs\cipe\Online\online\Controller\AdminController.class.php 第 327 行.
SQL: SHOW COLUMNS FROM `online_2017_user` [ RunTime:0.0061s ]
NOTIC: [8] Undefined index: keyword D:\xampp\htdocs\cipe\Online\online\Controller\AdminController.class.php 第 11 行.
NOTIC: [8] Undefined index: type D:\xampp\htdocs\cipe\Online\online\Controller\AdminController.class.php 第 28 行.
SQL: SELECT count(*) as count FROM `online_2017_user` WHERE `status` = 0 LIMIT 1   [ RunTime:0.0624s ]
INFO: [ view_parse ] --START--
NOTIC: [2] file_get_contents(Online/online/View/partial/Public_footer.html) [<a href='function.file-get-contents'>function.file-get-contents</a>]: failed to open stream: No such file or directory D:\xampp\htdocs\cipe\ThinkPHP\Library\Think\Template.class.php 第 1391 行.
INFO: [ template_filter ] --START--
INFO: Run Behavior\ContentReplaceBehavior [ RunTime:0.000113s ]
INFO: [ template_filter ] --END-- [ RunTime:0.000230s ]
NOTIC: [8] Undefined variable: user D:\xampp\htdocs\cipe\Online\Runtime\Cache\online\9e6bfe55ddfd0a7f0991a34bfb8f684a.php 第 50 行.

[ 2017-01-16T21:44:51+08:00 ] 127.0.0.1 /online.php/index
INFO: [ app_init ] --START--
INFO: Run Behavior\BuildLiteBehavior [ RunTime:0.000026s ]
INFO: [ app_init ] --END-- [ RunTime:0.000760s ]
INFO: [ app_begin ] --START--
INFO: Run Behavior\ReadHtmlCacheBehavior [ RunTime:0.000870s ]
INFO: [ app_begin ] --END-- [ RunTime:0.000975s ]

[ 2017-01-16T21:44:55+08:00 ] 127.0.0.1 /online.php
INFO: [ app_init ] --START--
INFO: Run Behavior\BuildLiteBehavior [ RunTime:0.000025s ]
INFO: [ app_init ] --END-- [ RunTime:0.000772s ]
INFO: [ app_begin ] --START--
INFO: Run Behavior\ReadHtmlCacheBehavior [ RunTime:0.000891s ]
INFO: [ app_begin ] --END-- [ RunTime:0.001001s ]

[ 2017-01-16T21:45:40+08:00 ] 127.0.0.1 /online.php
INFO: [ app_init ] --START--
INFO: Run Behavior\BuildLiteBehavior [ RunTime:0.000026s ]
INFO: [ app_init ] --END-- [ RunTime:0.000537s ]
INFO: [ app_begin ] --START--
INFO: Run Behavior\ReadHtmlCacheBehavior [ RunTime:0.000843s ]
INFO: [ app_begin ] --END-- [ RunTime:0.000990s ]

[ 2017-01-16T21:45:41+08:00 ] 127.0.0.1 /online.php
INFO: [ app_init ] --START--
INFO: Run Behavior\BuildLiteBehavior [ RunTime:0.000023s ]
INFO: [ app_init ] --END-- [ RunTime:0.000486s ]
INFO: [ app_begin ] --START--
INFO: Run Behavior\ReadHtmlCacheBehavior [ RunTime:0.000676s ]
INFO: [ app_begin ] --END-- [ RunTime:0.000766s ]

[ 2017-01-16T21:45:41+08:00 ] 127.0.0.1 /online.php
INFO: [ app_init ] --START--
INFO: Run Behavior\BuildLiteBehavior [ RunTime:0.000025s ]
INFO: [ app_init ] --END-- [ RunTime:0.000528s ]
INFO: [ app_begin ] --START--
INFO: Run Behavior\ReadHtmlCacheBehavior [ RunTime:0.000898s ]
INFO: [ app_begin ] --END-- [ RunTime:0.001003s ]

[ 2017-01-16T21:45:42+08:00 ] 127.0.0.1 /online.php
INFO: [ app_init ] --START--
INFO: Run Behavior\BuildLiteBehavior [ RunTime:0.000041s ]
INFO: [ app_init ] --END-- [ RunTime:0.000675s ]
INFO: [ app_begin ] --START--
INFO: Run Behavior\ReadHtmlCacheBehavior [ RunTime:0.001043s ]
INFO: [ app_begin ] --END-- [ RunTime:0.001147s ]

[ 2017-01-16T21:46:44+08:00 ] 127.0.0.1 /online.php
INFO: [ app_init ] --START--
INFO: Run Behavior\BuildLiteBehavior [ RunTime:0.000032s ]
INFO: [ app_init ] --END-- [ RunTime:0.000635s ]
INFO: [ app_begin ] --START--
INFO: Run Behavior\ReadHtmlCacheBehavior [ RunTime:0.000770s ]
INFO: [ app_begin ] --END-- [ RunTime:0.000964s ]
NOTIC: [8] Undefined index: currentuser D:\xampp\htdocs\cipe\Online\Common\Common\function.php 第 698 行.
SQL: SHOW COLUMNS FROM `online_2017_user` [ RunTime:0.0054s ]
SQL: SHOW COLUMNS FROM `online_2017_category` [ RunTime:0.0032s ]
SQL: SHOW COLUMNS FROM `online_2017_product_tag` [ RunTime:0.0031s ]
SQL: SELECT * FROM `online_2017_category` WHERE ( status=1 )  [ RunTime:0.0551s ]
NOTIC: [8] Undefined index: fid D:\xampp\htdocs\cipe\Online\online\Controller\IndexController.class.php 第 20 行.
NOTIC: [8] Undefined index: cid D:\xampp\htdocs\cipe\Online\online\Controller\IndexController.class.php 第 20 行.
NOTIC: [8] Undefined index: keyword D:\xampp\htdocs\cipe\Online\online\Controller\IndexController.class.php 第 48 行.
SQL: SELECT count(*) as count FROM `online_2017_user` WHERE `status` = 1 LIMIT 1   [ RunTime:0.0009s ]
NOTIC: [8] Undefined variable: keyword D:\xampp\htdocs\cipe\Online\online\Controller\IndexController.class.php 第 86 行.
INFO: [ view_parse ] --START--
NOTIC: [2] file_get_contents(Online/online/View/partial/Public_footer.html) [<a href='function.file-get-contents'>function.file-get-contents</a>]: failed to open stream: No such file or directory D:\xampp\htdocs\cipe\ThinkPHP\Library\Think\Template.class.php 第 1391 行.
INFO: [ template_filter ] --START--
INFO: Run Behavior\ContentReplaceBehavior [ RunTime:0.000124s ]
INFO: [ template_filter ] --END-- [ RunTime:0.000232s ]

[ 2017-01-16T21:48:28+08:00 ] 127.0.0.1 /online.php
INFO: [ app_init ] --START--
INFO: Run Behavior\BuildLiteBehavior [ RunTime:0.000024s ]
INFO: [ app_init ] --END-- [ RunTime:0.000531s ]
INFO: [ app_begin ] --START--
INFO: Run Behavior\ReadHtmlCacheBehavior [ RunTime:0.000821s ]
INFO: [ app_begin ] --END-- [ RunTime:0.000929s ]
NOTIC: [8] Undefined index: currentuser D:\xampp\htdocs\cipe\Online\Common\Common\function.php 第 698 行.
SQL: SHOW COLUMNS FROM `online_2017_user` [ RunTime:0.0607s ]
SQL: SHOW COLUMNS FROM `online_2017_category` [ RunTime:0.0032s ]
SQL: SHOW COLUMNS FROM `online_2017_product_tag` [ RunTime:0.0033s ]
SQL: SELECT * FROM `online_2017_category` WHERE ( status=1 )  [ RunTime:0.0019s ]
NOTIC: [8] Undefined index: fid D:\xampp\htdocs\cipe\Online\online\Controller\IndexController.class.php 第 20 行.
NOTIC: [8] Undefined index: cid D:\xampp\htdocs\cipe\Online\online\Controller\IndexController.class.php 第 20 行.
NOTIC: [8] Undefined index: keyword D:\xampp\htdocs\cipe\Online\online\Controller\IndexController.class.php 第 48 行.
SQL: SELECT count(*) as count FROM `online_2017_user` WHERE `status` = 1 LIMIT 1   [ RunTime:0.0004s ]
NOTIC: [8] Undefined variable: keyword D:\xampp\htdocs\cipe\Online\online\Controller\IndexController.class.php 第 86 行.
INFO: [ view_parse ] --START--
NOTIC: [2] file_get_contents(Online/online/View/partial/Public_footer.html) [<a href='function.file-get-contents'>function.file-get-contents</a>]: failed to open stream: No such file or directory D:\xampp\htdocs\cipe\ThinkPHP\Library\Think\Template.class.php 第 1391 行.
INFO: [ template_filter ] --START--
INFO: Run Behavior\ContentReplaceBehavior [ RunTime:0.000123s ]
INFO: [ template_filter ] --END-- [ RunTime:0.000238s ]

[ 2017-01-16T21:48:29+08:00 ] 127.0.0.1 /online.php
INFO: [ app_init ] --START--
INFO: Run Behavior\BuildLiteBehavior [ RunTime:0.000023s ]
INFO: [ app_init ] --END-- [ RunTime:0.000498s ]
INFO: [ app_begin ] --START--
INFO: Run Behavior\ReadHtmlCacheBehavior [ RunTime:0.000714s ]
INFO: [ app_begin ] --END-- [ RunTime:0.000817s ]
NOTIC: [8] Undefined index: currentuser D:\xampp\htdocs\cipe\Online\Common\Common\function.php 第 698 行.
SQL: SHOW COLUMNS FROM `online_2017_user` [ RunTime:0.0049s ]
SQL: SHOW COLUMNS FROM `online_2017_category` [ RunTime:0.0033s ]
SQL: SHOW COLUMNS FROM `online_2017_product_tag` [ RunTime:0.0030s ]
SQL: SELECT * FROM `online_2017_category` WHERE ( status=1 )  [ RunTime:0.0015s ]
NOTIC: [8] Undefined index: fid D:\xampp\htdocs\cipe\Online\online\Controller\IndexController.class.php 第 20 行.
NOTIC: [8] Undefined index: cid D:\xampp\htdocs\cipe\Online\online\Controller\IndexController.class.php 第 20 行.
NOTIC: [8] Undefined index: keyword D:\xampp\htdocs\cipe\Online\online\Controller\IndexController.class.php 第 48 行.
SQL: SELECT count(*) as count FROM `online_2017_user` WHERE `status` = 1 LIMIT 1   [ RunTime:0.0003s ]
NOTIC: [8] Undefined variable: keyword D:\xampp\htdocs\cipe\Online\online\Controller\IndexController.class.php 第 86 行.
INFO: [ view_parse ] --START--
NOTIC: [2] file_get_contents(Online/online/View/partial/Public_footer.html) [<a href='function.file-get-contents'>function.file-get-contents</a>]: failed to open stream: No such file or directory D:\xampp\htdocs\cipe\ThinkPHP\Library\Think\Template.class.php 第 1391 行.
INFO: [ template_filter ] --START--
INFO: Run Behavior\ContentReplaceBehavior [ RunTime:0.000123s ]
INFO: [ template_filter ] --END-- [ RunTime:0.000230s ]

[ 2017-01-16T21:48:43+08:00 ] 127.0.0.1 /online.php
INFO: [ app_init ] --START--
INFO: Run Behavior\BuildLiteBehavior [ RunTime:0.000025s ]
INFO: [ app_init ] --END-- [ RunTime:0.000815s ]
INFO: [ app_begin ] --START--
INFO: Run Behavior\ReadHtmlCacheBehavior [ RunTime:0.000766s ]
INFO: [ app_begin ] --END-- [ RunTime:0.000999s ]
NOTIC: [8] Undefined index: currentuser D:\xampp\htdocs\cipe\Online\Common\Common\function.php 第 698 行.
SQL: SHOW COLUMNS FROM `online_2017_user` [ RunTime:0.0043s ]
SQL: SHOW COLUMNS FROM `online_2017_category` [ RunTime:0.0029s ]
SQL: SHOW COLUMNS FROM `online_2017_product_tag` [ RunTime:0.0030s ]
SQL: SELECT * FROM `online_2017_category` WHERE ( status=1 )  [ RunTime:0.0016s ]
NOTIC: [8] Undefined index: fid D:\xampp\htdocs\cipe\Online\online\Controller\IndexController.class.php 第 20 行.
NOTIC: [8] Undefined index: cid D:\xampp\htdocs\cipe\Online\online\Controller\IndexController.class.php 第 20 行.
NOTIC: [8] Undefined index: keyword D:\xampp\htdocs\cipe\Online\online\Controller\IndexController.class.php 第 48 行.
SQL: SELECT count(*) as count FROM `online_2017_user` WHERE `status` = 1 LIMIT 1   [ RunTime:0.0006s ]
NOTIC: [8] Undefined variable: keyword D:\xampp\htdocs\cipe\Online\online\Controller\IndexController.class.php 第 86 行.
INFO: [ view_parse ] --START--
NOTIC: [2] file_get_contents(Online/online/View/partial/Public_footer.html) [<a href='function.file-get-contents'>function.file-get-contents</a>]: failed to open stream: No such file or directory D:\xampp\htdocs\cipe\ThinkPHP\Library\Think\Template.class.php 第 1391 行.
INFO: [ template_filter ] --START--
INFO: Run Behavior\ContentReplaceBehavior [ RunTime:0.000129s ]
INFO: [ template_filter ] --END-- [ RunTime:0.000251s ]
NOTIC: [8] Undefined variable: domain D:\xampp\htdocs\cipe\ThinkPHP\Common\functions.php 第 1031 行.
NOTIC: [8] Undefined variable: domain D:\xampp\htdocs\cipe\ThinkPHP\Common\functions.php 第 1031 行.
NOTIC: [8] Undefined variable: domain D:\xampp\htdocs\cipe\ThinkPHP\Common\functions.php 第 1031 行.
NOTIC: [8] Undefined variable: type D:\xampp\htdocs\cipe\Online\Runtime\Cache\online\c7cb8b9fae9034e0f2da2ab33bb130b3.php 第 101 行.
NOTIC: [8] Undefined variable: type D:\xampp\htdocs\cipe\Online\Runtime\Cache\online\c7cb8b9fae9034e0f2da2ab33bb130b3.php 第 102 行.
NOTIC: [8] Undefined variable: i D:\xampp\htdocs\cipe\Online\Runtime\Cache\online\c7cb8b9fae9034e0f2da2ab33bb130b3.php 第 111 行.
NOTIC: [8] Undefined index: fid D:\xampp\htdocs\cipe\Online\Runtime\Cache\online\c7cb8b9fae9034e0f2da2ab33bb130b3.php 第 113 行.
NOTIC: [8] Undefined index: cid D:\xampp\htdocs\cipe\Online\Runtime\Cache\online\c7cb8b9fae9034e0f2da2ab33bb130b3.php 第 118 行.
NOTIC: [8] Undefined index: cid D:\xampp\htdocs\cipe\Online\Runtime\Cache\online\c7cb8b9fae9034e0f2da2ab33bb130b3.php 第 118 行.
NOTIC: [8] Undefined index: cid D:\xampp\htdocs\cipe\Online\Runtime\Cache\online\c7cb8b9fae9034e0f2da2ab33bb130b3.php 第 118 行.
NOTIC: [8] Undefined index: cid D:\xampp\htdocs\cipe\Online\Runtime\Cache\online\c7cb8b9fae9034e0f2da2ab33bb130b3.php 第 118 行.
NOTIC: [8] Undefined index: cid D:\xampp\htdocs\cipe\Online\Runtime\Cache\online\c7cb8b9fae9034e0f2da2ab33bb130b3.php 第 118 行.
NOTIC: [8] Undefined index: cid D:\xampp\htdocs\cipe\Online\Runtime\Cache\online\c7cb8b9fae9034e0f2da2ab33bb130b3.php 第 118 行.
NOTIC: [8] Undefined index: cid D:\xampp\htdocs\cipe\Online\Runtime\Cache\online\c7cb8b9fae9034e0f2da2ab33bb130b3.php 第 118 行.
NOTIC: [8] Undefined index: cid D:\xampp\htdocs\cipe\Online\Runtime\Cache\online\c7cb8b9fae9034e0f2da2ab33bb130b3.php 第 118 行.
NOTIC: [8] Undefined index: cid D:\xampp\htdocs\cipe\Online\Runtime\Cache\online\c7cb8b9fae9034e0f2da2ab33bb130b3.php 第 118 行.
NOTIC: [8] Undefined index: cid D:\xampp\htdocs\cipe\Online\Runtime\Cache\online\c7cb8b9fae9034e0f2da2ab33bb130b3.php 第 118 行.
NOTIC: [8] Undefined index: cid D:\xampp\htdocs\cipe\Online\Runtime\Cache\online\c7cb8b9fae9034e0f2da2ab33bb130b3.php 第 118 行.
NOTIC: [8] Undefined index: cid D:\xampp\htdocs\cipe\Online\Runtime\Cache\online\c7cb8b9fae9034e0f2da2ab33bb130b3.php 第 118 行.
NOTIC: [8] Undefined index: cid D:\xampp\htdocs\cipe\Online\Runtime\Cache\online\c7cb8b9fae9034e0f2da2ab33bb130b3.php 第 118 行.
NOTIC: [8] Undefined index: cid D:\xampp\htdocs\cipe\Online\Runtime\Cache\online\c7cb8b9fae9034e0f2da2ab33bb130b3.php 第 118 行.
NOTIC: [8] Undefined index: cid D:\xampp\htdocs\cipe\Online\Runtime\Cache\online\c7cb8b9fae9034e0f2da2ab33bb130b3.php 第 118 行.
NOTIC: [8] Undefined index: cid D:\xampp\htdocs\cipe\Online\Runtime\Cache\online\c7cb8b9fae9034e0f2da2ab33bb130b3.php 第 118 行.
NOTIC: [8] Undefined index: cid D:\xampp\htdocs\cipe\Online\Runtime\Cache\online\c7cb8b9fae9034e0f2da2ab33bb130b3.php 第 118 行.
NOTIC: [8] Undefined index: cid D:\xampp\htdocs\cipe\Online\Runtime\Cache\online\c7cb8b9fae9034e0f2da2ab33bb130b3.php 第 118 行.
NOTIC: [8] Undefined index: cid D:\xampp\htdocs\cipe\Online\Runtime\Cache\online\c7cb8b9fae9034e0f2da2ab33bb130b3.php 第 118 行.
NOTIC: [8] Undefined index: cid D:\xampp\htdocs\cipe\Online\Runtime\Cache\online\c7cb8b9fae9034e0f2da2ab33bb130b3.php 第 118 行.
NOTIC: [8] Undefined index: cid D:\xampp\htdocs\cipe\Online\Runtime\Cache\online\c7cb8b9fae9034e0f2da2ab33bb130b3.php 第 118 行.
NOTIC: [8] Undefined index: cid D:\xampp\htdocs\cipe\Online\Runtime\Cache\online\c7cb8b9fae9034e0f2da2ab33bb130b3.php 第 118 行.
NOTIC: [8] Undefined index: cid D:\xampp\htdocs\cipe\Online\Runtime\Cache\online\c7cb8b9fae9034e0f2da2ab33bb130b3.php 第 118 行.
NOTIC: [8] Undefined index: cid D:\xampp\htdocs\cipe\Online\Runtime\Cache\online\c7cb8b9fae9034e0f2da2ab33bb130b3.php 第 118 行.
NOTIC: [8] Undefined index: cid D:\xampp\htdocs\cipe\Online\Runtime\Cache\online\c7cb8b9fae9034e0f2da2ab33bb130b3.php 第 118 行.
NOTIC: [8] Undefined index: cid D:\xampp\htdocs\cipe\Online\Runtime\Cache\online\c7cb8b9fae9034e0f2da2ab33bb130b3.php 第 118 行.
NOTIC: [8] Undefined index: cid D:\xampp\htdocs\cipe\Online\Runtime\Cache\online\c7cb8b9fae9034e0f2da2ab33bb130b3.php 第 118 行.
NOTIC: [8] Undefined index: cid D:\xampp\htdocs\cipe\Online\Runtime\Cache\online\c7cb8b9fae9034e0f2da2ab33bb130b3.php 第 118 行.
NOTIC: [8] Undefined index: cid D:\xampp\htdocs\cipe\Online\Runtime\Cache\online\c7cb8b9fae9034e0f2da2ab33bb130b3.php 第 118 行.
NOTIC: [8] Undefined index: cid D:\xampp\htdocs\cipe\Online\Runtime\Cache\online\c7cb8b9fae9034e0f2da2ab33bb130b3.php 第 118 行.
NOTIC: [8] Undefined index: fid D:\xampp\htdocs\cipe\Online\Runtime\Cache\online\c7cb8b9fae9034e0f2da2ab33bb130b3.php 第 113 行.
NOTIC: [8] Undefined index: cid D:\xampp\htdocs\cipe\Online\Runtime\Cache\online\c7cb8b9fae9034e0f2da2ab33bb130b3.php 第 118 行.
NOTIC: [8] Undefined index: cid D:\xampp\htdocs\cipe\Online\Runtime\Cache\online\c7cb8b9fae9034e0f2da2ab33bb130b3.php 第 118 行.
NOTIC: [8] Undefined index: cid D:\xampp\htdocs\cipe\Online\Runtime\Cache\online\c7cb8b9fae9034e0f2da2ab33bb130b3.php 第 118 行.
NOTIC: [8] Undefined index: cid D:\xampp\htdocs\cipe\Online\Runtime\Cache\online\c7cb8b9fae9034e0f2da2ab33bb130b3.php 第 118 行.
NOTIC: [8] Undefined index: cid D:\xampp\htdocs\cipe\Online\Runtime\Cache\online\c7cb8b9fae9034e0f2da2ab33bb130b3.php 第 118 行.
NOTIC: [8] Undefined index: cid D:\xampp\htdocs\cipe\Online\Runtime\Cache\online\c7cb8b9fae9034e0f2da2ab33bb130b3.php 第 118 行.
NOTIC: [8] Undefined index: cid D:\xampp\htdocs\cipe\Online\Runtime\Cache\online\c7cb8b9fae9034e0f2da2ab33bb130b3.php 第 118 行.
NOTIC: [8] Undefined index: cid D:\xampp\htdocs\cipe\Online\Runtime\Cache\online\c7cb8b9fae9034e0f2da2ab33bb130b3.php 第 118 行.
NOTIC: [8] Undefined index: cid D:\xampp\htdocs\cipe\Online\Runtime\Cache\online\c7cb8b9fae9034e0f2da2ab33bb130b3.php 第 118 行.
NOTIC: [8] Undefined index: cid D:\xampp\htdocs\cipe\Online\Runtime\Cache\online\c7cb8b9fae9034e0f2da2ab33bb130b3.php 第 118 行.
NOTIC: [8] Undefined index: cid D:\xampp\htdocs\cipe\Online\Runtime\Cache\online\c7cb8b9fae9034e0f2da2ab33bb130b3.php 第 118 行.
NOTIC: [8] Undefined index: cid D:\xampp\htdocs\cipe\Online\Runtime\Cache\online\c7cb8b9fae9034e0f2da2ab33bb130b3.php 第 118 行.
NOTIC: [8] Undefined index: cid D:\xampp\htdocs\cipe\Online\Runtime\Cache\online\c7cb8b9fae9034e0f2da2ab33bb130b3.php 第 118 行.
NOTIC: [8] Undefined index: cid D:\xampp\htdocs\cipe\Online\Runtime\Cache\online\c7cb8b9fae9034e0f2da2ab33bb130b3.php 第 118 行.
NOTIC: [8] Undefined index: cid D:\xampp\htdocs\cipe\Online\Runtime\Cache\online\c7cb8b9fae9034e0f2da2ab33bb130b3.php 第 118 行.
NOTIC: [8] Undefined index: cid D:\xampp\htdocs\cipe\Online\Runtime\Cache\online\c7cb8b9fae9034e0f2da2ab33bb130b3.php 第 118 行.
NOTIC: [8] Undefined index: fid D:\xampp\htdocs\cipe\Online\Runtime\Cache\online\c7cb8b9fae9034e0f2da2ab33bb130b3.php 第 113 行.
NOTIC: [8] Undefined index: cid D:\xampp\htdocs\cipe\Online\Runtime\Cache\online\c7cb8b9fae9034e0f2da2ab33bb130b3.php 第 118 行.
NOTIC: [8] Undefined index: cid D:\xampp\htdocs\cipe\Online\Runtime\Cache\online\c7cb8b9fae9034e0f2da2ab33bb130b3.php 第 118 行.
NOTIC: [8] Undefined index: cid D:\xampp\htdocs\cipe\Online\Runtime\Cache\online\c7cb8b9fae9034e0f2da2ab33bb130b3.php 第 118 行.
NOTIC: [8] Undefined index: cid D:\xampp\htdocs\cipe\Online\Runtime\Cache\online\c7cb8b9fae9034e0f2da2ab33bb130b3.php 第 118 行.
NOTIC: [8] Undefined index: cid D:\xampp\htdocs\cipe\Online\Runtime\Cache\online\c7cb8b9fae9034e0f2da2ab33bb130b3.php 第 118 行.
NOTIC: [8] Undefined index: cid D:\xampp\htdocs\cipe\Online\Runtime\Cache\online\c7cb8b9fae9034e0f2da2ab33bb130b3.php 第 118 行.
NOTIC: [8] Undefined index: cid D:\xampp\htdocs\cipe\Online\Runtime\Cache\online\c7cb8b9fae9034e0f2da2ab33bb130b3.php 第 118 行.
NOTIC: [8] Undefined index: cid D:\xampp\htdocs\cipe\Online\Runtime\Cache\online\c7cb8b9fae9034e0f2da2ab33bb130b3.php 第 118 行.
NOTIC: [8] Undefined index: cid D:\xampp\htdocs\cipe\Online\Runtime\Cache\online\c7cb8b9fae9034e0f2da2ab33bb130b3.php 第 118 行.
NOTIC: [8] Undefined index: cid D:\xampp\htdocs\cipe\Online\Runtime\Cache\online\c7cb8b9fae9034e0f2da2ab33bb130b3.php 第 118 行.
NOTIC: [8] Undefined index: cid D:\xampp\htdocs\cipe\Online\Runtime\Cache\online\c7cb8b9fae9034e0f2da2ab33bb130b3.php 第 118 行.
NOTIC: [8] Undefined index: cid D:\xampp\htdocs\cipe\Online\Runtime\Cache\online\c7cb8b9fae9034e0f2da2ab33bb130b3.php 第 118 行.
NOTIC: [8] Undefined index: cid D:\xampp\htdocs\cipe\Online\Runtime\Cache\online\c7cb8b9fae9034e0f2da2ab33bb130b3.php 第 118 行.
NOTIC: [8] Undefined index: cid D:\xampp\htdocs\cipe\Online\Runtime\Cache\online\c7cb8b9fae9034e0f2da2ab33bb130b3.php 第 118 行.
NOTIC: [8] Undefined index: fid D:\xampp\htdocs\cipe\Online\Runtime\Cache\online\c7cb8b9fae9034e0f2da2ab33bb130b3.php 第 113 行.
NOTIC: [8] Undefined index: cid D:\xampp\htdocs\cipe\Online\Runtime\Cache\online\c7cb8b9fae9034e0f2da2ab33bb130b3.php 第 118 行.
NOTIC: [8] Undefined index: cid D:\xampp\htdocs\cipe\Online\Runtime\Cache\online\c7cb8b9fae9034e0f2da2ab33bb130b3.php 第 118 行.
NOTIC: [8] Undefined index: cid D:\xampp\htdocs\cipe\Online\Runtime\Cache\online\c7cb8b9fae9034e0f2da2ab33bb130b3.php 第 118 行.
NOTIC: [8] Undefined index: cid D:\xampp\htdocs\cipe\Online\Runtime\Cache\online\c7cb8b9fae9034e0f2da2ab33bb130b3.php 第 118 行.
NOTIC: [8] Undefined index: cid D:\xampp\htdocs\cipe\Online\Runtime\Cache\online\c7cb8b9fae9034e0f2da2ab33bb130b3.php 第 118 行.
NOTIC: [8] Undefined index: cid D:\xampp\htdocs\cipe\Online\Runtime\Cache\online\c7cb8b9fae9034e0f2da2ab33bb130b3.php 第 118 行.
NOTIC: [8] Undefined index: cid D:\xampp\htdocs\cipe\Online\Runtime\Cache\online\c7cb8b9fae9034e0f2da2ab33bb130b3.php 第 118 行.
NOTIC: [8] Undefined index: cid D:\xampp\htdocs\cipe\Online\Runtime\Cache\online\c7cb8b9fae9034e0f2da2ab33bb130b3.php 第 118 行.
NOTIC: [8] Undefined index: cid D:\xampp\htdocs\cipe\Online\Runtime\Cache\online\c7cb8b9fae9034e0f2da2ab33bb130b3.php 第 118 行.
NOTIC: [8] Undefined index: cid D:\xampp\htdocs\cipe\Online\Runtime\Cache\online\c7cb8b9fae9034e0f2da2ab33bb130b3.php 第 118 行.
NOTIC: [8] Undefined index: fid D:\xampp\htdocs\cipe\Online\Runtime\Cache\online\c7cb8b9fae9034e0f2da2ab33bb130b3.php 第 113 行.
NOTIC: [8] Undefined index: cid D:\xampp\htdocs\cipe\Online\Runtime\Cache\online\c7cb8b9fae9034e0f2da2ab33bb130b3.php 第 118 行.
NOTIC: [8] Undefined index: cid D:\xampp\htdocs\cipe\Online\Runtime\Cache\online\c7cb8b9fae9034e0f2da2ab33bb130b3.php 第 118 行.
NOTIC: [8] Undefined index: cid D:\xampp\htdocs\cipe\Online\Runtime\Cache\online\c7cb8b9fae9034e0f2da2ab33bb130b3.php 第 118 行.
NOTIC: [8] Undefined index: cid D:\xampp\htdocs\cipe\Online\Runtime\Cache\online\c7cb8b9fae9034e0f2da2ab33bb130b3.php 第 118 行.
NOTIC: [8] Undefined index: cid D:\xampp\htdocs\cipe\Online\Runtime\Cache\online\c7cb8b9fae9034e0f2da2ab33bb130b3.php 第 118 行.
NOTIC: [8] Undefined index: cid D:\xampp\htdocs\cipe\Online\Runtime\Cache\online\c7cb8b9fae9034e0f2da2ab33bb130b3.php 第 118 行.
NOTIC: [8] Undefined index: cid D:\xampp\htdocs\cipe\Online\Runtime\Cache\online\c7cb8b9fae9034e0f2da2ab33bb130b3.php 第 118 行.
NOTIC: [8] Undefined index: cid D:\xampp\htdocs\cipe\Online\Runtime\Cache\online\c7cb8b9fae9034e0f2da2ab33bb130b3.php 第 118 行.
NOTIC: [8] Undefined index: cid D:\xampp\htdocs\cipe\Online\Runtime\Cache\online\c7cb8b9fae9034e0f2da2ab33bb130b3.php 第 118 行.
NOTIC: [8] Undefined index: cid D:\xampp\htdocs\cipe\Online\Runtime\Cache\online\c7cb8b9fae9034e0f2da2ab33bb130b3.php 第 118 行.
NOTIC: [8] Undefined index: cid D:\xampp\htdocs\cipe\Online\Runtime\Cache\online\c7cb8b9fae9034e0f2da2ab33bb130b3.php 第 118 行.
NOTIC: [8] Undefined index: cid D:\xampp\htdocs\cipe\Online\Runtime\Cache\online\c7cb8b9fae9034e0f2da2ab33bb130b3.php 第 118 行.
NOTIC: [8] Undefined index: cid D:\xampp\htdocs\cipe\Online\Runtime\Cache\online\c7cb8b9fae9034e0f2da2ab33bb130b3.php 第 118 行.
NOTIC: [8] Undefined index: cid D:\xampp\htdocs\cipe\Online\Runtime\Cache\online\c7cb8b9fae9034e0f2da2ab33bb130b3.php 第 118 行.
NOTIC: [8] Undefined index: cid D:\xampp\htdocs\cipe\Online\Runtime\Cache\online\c7cb8b9fae9034e0f2da2ab33bb130b3.php 第 118 行.
NOTIC: [8] Undefined index: cid D:\xampp\htdocs\cipe\Online\Runtime\Cache\online\c7cb8b9fae9034e0f2da2ab33bb130b3.php 第 118 行.
NOTIC: [8] Undefined index: cid D:\xampp\htdocs\cipe\Online\Runtime\Cache\online\c7cb8b9fae9034e0f2da2ab33bb130b3.php 第 118 行.
NOTIC: [8] Undefined index: cid D:\xampp\htdocs\cipe\Online\Runtime\Cache\online\c7cb8b9fae9034e0f2da2ab33bb130b3.php 第 118 行.
NOTIC: [8] Undefined index: cid D:\xampp\htdocs\cipe\Online\Runtime\Cache\online\c7cb8b9fae9034e0f2da2ab33bb130b3.php 第 118 行.
NOTIC: [8] Undefined index: cid D:\xampp\htdocs\cipe\Online\Runtime\Cache\online\c7cb8b9fae9034e0f2da2ab33bb130b3.php 第 118 行.
NOTIC: [8] Undefined index: cid D:\xampp\htdocs\cipe\Online\Runtime\Cache\online\c7cb8b9fae9034e0f2da2ab33bb130b3.php 第 118 行.
NOTIC: [8] Undefined index: cid D:\xampp\htdocs\cipe\Online\Runtime\Cache\online\c7cb8b9fae9034e0f2da2ab33bb130b3.php 第 118 行.
NOTIC: [8] Undefined index: cid D:\xampp\htdocs\cipe\Online\Runtime\Cache\online\c7cb8b9fae9034e0f2da2ab33bb130b3.php 第 118 行.
NOTIC: [8] Undefined index: fid D:\xampp\htdocs\cipe\Online\Runtime\Cache\online\c7cb8b9fae9034e0f2da2ab33bb130b3.php 第 113 行.
NOTIC: [8] Undefined index: cid D:\xampp\htdocs\cipe\Online\Runtime\Cache\online\c7cb8b9fae9034e0f2da2ab33bb130b3.php 第 118 行.
NOTIC: [8] Undefined index: cid D:\xampp\htdocs\cipe\Online\Runtime\Cache\online\c7cb8b9fae9034e0f2da2ab33bb130b3.php 第 118 行.
NOTIC: [8] Undefined index: cid D:\xampp\htdocs\cipe\Online\Runtime\Cache\online\c7cb8b9fae9034e0f2da2ab33bb130b3.php 第 118 行.
NOTIC: [8] Undefined index: cid D:\xampp\htdocs\cipe\Online\Runtime\Cache\online\c7cb8b9fae9034e0f2da2ab33bb130b3.php 第 118 行.
NOTIC: [8] Undefined index: cid D:\xampp\htdocs\cipe\Online\Runtime\Cache\online\c7cb8b9fae9034e0f2da2ab33bb130b3.php 第 118 行.
NOTIC: [8] Undefined index: cid D:\xampp\htdocs\cipe\Online\Runtime\Cache\online\c7cb8b9fae9034e0f2da2ab33bb130b3.php 第 118 行.
NOTIC: [8] Undefined index: cid D:\xampp\htdocs\cipe\Online\Runtime\Cache\online\c7cb8b9fae9034e0f2da2ab33bb130b3.php 第 118 行.
NOTIC: [8] Undefined index: fid D:\xampp\htdocs\cipe\Online\Runtime\Cache\online\c7cb8b9fae9034e0f2da2ab33bb130b3.php 第 113 行.
NOTIC: [8] Undefined index: cid D:\xampp\htdocs\cipe\Online\Runtime\Cache\online\c7cb8b9fae9034e0f2da2ab33bb130b3.php 第 118 行.
NOTIC: [8] Undefined index: cid D:\xampp\htdocs\cipe\Online\Runtime\Cache\online\c7cb8b9fae9034e0f2da2ab33bb130b3.php 第 118 行.
NOTIC: [8] Undefined index: cid D:\xampp\htdocs\cipe\Online\Runtime\Cache\online\c7cb8b9fae9034e0f2da2ab33bb130b3.php 第 118 行.
NOTIC: [8] Undefined index: cid D:\xampp\htdocs\cipe\Online\Runtime\Cache\online\c7cb8b9fae9034e0f2da2ab33bb130b3.php 第 118 行.
NOTIC: [8] Undefined index: cid D:\xampp\htdocs\cipe\Online\Runtime\Cache\online\c7cb8b9fae9034e0f2da2ab33bb130b3.php 第 118 行.
NOTIC: [8] Undefined index: cid D:\xampp\htdocs\cipe\Online\Runtime\Cache\online\c7cb8b9fae9034e0f2da2ab33bb130b3.php 第 118 行.
NOTIC: [8] Undefined index: cid D:\xampp\htdocs\cipe\Online\Runtime\Cache\online\c7cb8b9fae9034e0f2da2ab33bb130b3.php 第 118 行.
NOTIC: [8] Undefined index: cid D:\xampp\htdocs\cipe\Online\Runtime\Cache\online\c7cb8b9fae9034e0f2da2ab33bb130b3.php 第 118 行.
NOTIC: [8] Undefined index: cid D:\xampp\htdocs\cipe\Online\Runtime\Cache\online\c7cb8b9fae9034e0f2da2ab33bb130b3.php 第 118 行.
NOTIC: [8] Undefined index: cid D:\xampp\htdocs\cipe\Online\Runtime\Cache\online\c7cb8b9fae9034e0f2da2ab33bb130b3.php 第 118 行.
NOTIC: [8] Undefined index: cid D:\xampp\htdocs\cipe\Online\Runtime\Cache\online\c7cb8b9fae9034e0f2da2ab33bb130b3.php 第 118 行.
NOTIC: [8] Undefined index: cid D:\xampp\htdocs\cipe\Online\Runtime\Cache\online\c7cb8b9fae9034e0f2da2ab33bb130b3.php 第 118 行.
NOTIC: [8] Undefined index: cid D:\xampp\htdocs\cipe\Online\Runtime\Cache\online\c7cb8b9fae9034e0f2da2ab33bb130b3.php 第 118 行.
NOTIC: [8] Undefined index: cid D:\xampp\htdocs\cipe\Online\Runtime\Cache\online\c7cb8b9fae9034e0f2da2ab33bb130b3.php 第 118 行.
NOTIC: [8] Undefined index: cid D:\xampp\htdocs\cipe\Online\Runtime\Cache\online\c7cb8b9fae9034e0f2da2ab33bb130b3.php 第 118 行.
NOTIC: [8] Undefined index: cid D:\xampp\htdocs\cipe\Online\Runtime\Cache\online\c7cb8b9fae9034e0f2da2ab33bb130b3.php 第 118 行.
NOTIC: [8] Undefined index: cid D:\xampp\htdocs\cipe\Online\Runtime\Cache\online\c7cb8b9fae9034e0f2da2ab33bb130b3.php 第 118 行.
NOTIC: [8] Undefined index: cid D:\xampp\htdocs\cipe\Online\Runtime\Cache\online\c7cb8b9fae9034e0f2da2ab33bb130b3.php 第 118 行.
NOTIC: [8] Undefined index: cid D:\xampp\htdocs\cipe\Online\Runtime\Cache\online\c7cb8b9fae9034e0f2da2ab33bb130b3.php 第 118 行.
NOTIC: [8] Undefined index: cid D:\xampp\htdocs\cipe\Online\Runtime\Cache\online\c7cb8b9fae9034e0f2da2ab33bb130b3.php 第 118 行.
NOTIC: [8] Undefined index: cid D:\xampp\htdocs\cipe\Online\Runtime\Cache\online\c7cb8b9fae9034e0f2da2ab33bb130b3.php 第 118 行.
NOTIC: [8] Undefined index: cid D:\xampp\htdocs\cipe\Online\Runtime\Cache\online\c7cb8b9fae9034e0f2da2ab33bb130b3.php 第 118 行.
NOTIC: [8] Undefined index: cid D:\xampp\htdocs\cipe\Online\Runtime\Cache\online\c7cb8b9fae9034e0f2da2ab33bb130b3.php 第 118 行.
NOTIC: [8] Undefined index: fid D:\xampp\htdocs\cipe\Online\Runtime\Cache\online\c7cb8b9fae9034e0f2da2ab33bb130b3.php 第 113 行.
NOTIC: [8] Undefined index: cid D:\xampp\htdocs\cipe\Online\Runtime\Cache\online\c7cb8b9fae9034e0f2da2ab33bb130b3.php 第 118 行.
NOTIC: [8] Undefined index: cid D:\xampp\htdocs\cipe\Online\Runtime\Cache\online\c7cb8b9fae9034e0f2da2ab33bb130b3.php 第 118 行.
NOTIC: [8] Undefined index: cid D:\xampp\htdocs\cipe\Online\Runtime\Cache\online\c7cb8b9fae9034e0f2da2ab33bb130b3.php 第 118 行.
NOTIC: [8] Undefined index: cid D:\xampp\htdocs\cipe\Online\Runtime\Cache\online\c7cb8b9fae9034e0f2da2ab33bb130b3.php 第 118 行.
NOTIC: [8] Undefined index: cid D:\xampp\htdocs\cipe\Online\Runtime\Cache\online\c7cb8b9fae9034e0f2da2ab33bb130b3.php 第 118 行.
NOTIC: [8] Undefined index: cid D:\xampp\htdocs\cipe\Online\Runtime\Cache\online\c7cb8b9fae9034e0f2da2ab33bb130b3.php 第 118 行.
NOTIC: [8] Undefined index: cid D:\xampp\htdocs\cipe\Online\Runtime\Cache\online\c7cb8b9fae9034e0f2da2ab33bb130b3.php 第 118 行.
NOTIC: [8] Undefined index: cid D:\xampp\htdocs\cipe\Online\Runtime\Cache\online\c7cb8b9fae9034e0f2da2ab33bb130b3.php 第 118 行.
NOTIC: [8] Undefined index: cid D:\xampp\htdocs\cipe\Online\Runtime\Cache\online\c7cb8b9fae9034e0f2da2ab33bb130b3.php 第 118 行.
NOTIC: [8] Undefined index: cid D:\xampp\htdocs\cipe\Online\Runtime\Cache\online\c7cb8b9fae9034e0f2da2ab33bb130b3.php 第 118 行.
NOTIC: [8] Undefined index: cid D:\xampp\htdocs\cipe\Online\Runtime\Cache\online\c7cb8b9fae9034e0f2da2ab33bb130b3.php 第 118 行.
NOTIC: [8] Undefined index: cid D:\xampp\htdocs\cipe\Online\Runtime\Cache\online\c7cb8b9fae9034e0f2da2ab33bb130b3.php 第 118 行.
NOTIC: [8] Undefined index: cid D:\xampp\htdocs\cipe\Online\Runtime\Cache\online\c7cb8b9fae9034e0f2da2ab33bb130b3.php 第 118 行.
NOTIC: [8] Undefined index: fid D:\xampp\htdocs\cipe\Online\Runtime\Cache\online\c7cb8b9fae9034e0f2da2ab33bb130b3.php 第 113 行.
NOTIC: [8] Undefined index: cid D:\xampp\htdocs\cipe\Online\Runtime\Cache\online\c7cb8b9fae9034e0f2da2ab33bb130b3.php 第 118 行.
NOTIC: [8] Undefined index: cid D:\xampp\htdocs\cipe\Online\Runtime\Cache\online\c7cb8b9fae9034e0f2da2ab33bb130b3.php 第 118 行.
NOTIC: [8] Undefined index: cid D:\xampp\htdocs\cipe\Online\Runtime\Cache\online\c7cb8b9fae9034e0f2da2ab33bb130b3.php 第 118 行.
NOTIC: [8] Undefined index: cid D:\xampp\htdocs\cipe\Online\Runtime\Cache\online\c7cb8b9fae9034e0f2da2ab33bb130b3.php 第 118 行.
NOTIC: [8] Undefined index: cid D:\xampp\htdocs\cipe\Online\Runtime\Cache\online\c7cb8b9fae9034e0f2da2ab33bb130b3.php 第 118 行.
NOTIC: [8] Undefined index: cid D:\xampp\htdocs\cipe\Online\Runtime\Cache\online\c7cb8b9fae9034e0f2da2ab33bb130b3.php 第 118 行.
NOTIC: [8] Undefined index: cid D:\xampp\htdocs\cipe\Online\Runtime\Cache\online\c7cb8b9fae9034e0f2da2ab33bb130b3.php 第 118 行.
NOTIC: [8] Undefined index: cid D:\xampp\htdocs\cipe\Online\Runtime\Cache\online\c7cb8b9fae9034e0f2da2ab33bb130b3.php 第 118 行.
NOTIC: [8] Undefined index: cid D:\xampp\htdocs\cipe\Online\Runtime\Cache\online\c7cb8b9fae9034e0f2da2ab33bb130b3.php 第 118 行.
NOTIC: [8] Undefined index: cid D:\xampp\htdocs\cipe\Online\Runtime\Cache\online\c7cb8b9fae9034e0f2da2ab33bb130b3.php 第 118 行.
NOTIC: [8] Undefined index: cid D:\xampp\htdocs\cipe\Online\Runtime\Cache\online\c7cb8b9fae9034e0f2da2ab33bb130b3.php 第 118 行.
NOTIC: [8] Undefined index: cid D:\xampp\htdocs\cipe\Online\Runtime\Cache\online\c7cb8b9fae9034e0f2da2ab33bb130b3.php 第 118 行.
NOTIC: [8] Undefined index: cid D:\xampp\htdocs\cipe\Online\Runtime\Cache\online\c7cb8b9fae9034e0f2da2ab33bb130b3.php 第 118 行.
NOTIC: [8] Undefined index: fid D:\xampp\htdocs\cipe\Online\Runtime\Cache\online\c7cb8b9fae9034e0f2da2ab33bb130b3.php 第 113 行.
NOTIC: [8] Undefined index: cid D:\xampp\htdocs\cipe\Online\Runtime\Cache\online\c7cb8b9fae9034e0f2da2ab33bb130b3.php 第 118 行.
NOTIC: [8] Undefined index: cid D:\xampp\htdocs\cipe\Online\Runtime\Cache\online\c7cb8b9fae9034e0f2da2ab33bb130b3.php 第 118 行.
NOTIC: [8] Undefined index: cid D:\xampp\htdocs\cipe\Online\Runtime\Cache\online\c7cb8b9fae9034e0f2da2ab33bb130b3.php 第 118 行.
NOTIC: [8] Undefined index: cid D:\xampp\htdocs\cipe\Online\Runtime\Cache\online\c7cb8b9fae9034e0f2da2ab33bb130b3.php 第 118 行.
NOTIC: [8] Undefined index: cid D:\xampp\htdocs\cipe\Online\Runtime\Cache\online\c7cb8b9fae9034e0f2da2ab33bb130b3.php 第 118 行.
NOTIC: [8] Undefined index: cid D:\xampp\htdocs\cipe\Online\Runtime\Cache\online\c7cb8b9fae9034e0f2da2ab33bb130b3.php 第 118 行.
NOTIC: [8] Undefined index: cid D:\xampp\htdocs\cipe\Online\Runtime\Cache\online\c7cb8b9fae9034e0f2da2ab33bb130b3.php 第 118 行.
NOTIC: [8] Undefined index: cid D:\xampp\htdocs\cipe\Online\Runtime\Cache\online\c7cb8b9fae9034e0f2da2ab33bb130b3.php 第 118 行.
NOTIC: [8] Undefined index: cid D:\xampp\htdocs\cipe\Online\Runtime\Cache\online\c7cb8b9fae9034e0f2da2ab33bb130b3.php 第 118 行.
NOTIC: [8] Undefined index: cid D:\xampp\htdocs\cipe\Online\Runtime\Cache\online\c7cb8b9fae9034e0f2da2ab33bb130b3.php 第 118 行.
NOTIC: [8] Undefined index: cid D:\xampp\htdocs\cipe\Online\Runtime\Cache\online\c7cb8b9fae9034e0f2da2ab33bb130b3.php 第 118 行.
NOTIC: [8] Undefined index: cid D:\xampp\htdocs\cipe\Online\Runtime\Cache\online\c7cb8b9fae9034e0f2da2ab33bb130b3.php 第 118 行.
NOTIC: [8] Undefined index: cid D:\xampp\htdocs\cipe\Online\Runtime\Cache\online\c7cb8b9fae9034e0f2da2ab33bb130b3.php 第 118 行.
NOTIC: [8] Undefined index: cid D:\xampp\htdocs\cipe\Online\Runtime\Cache\online\c7cb8b9fae9034e0f2da2ab33bb130b3.php 第 118 行.
NOTIC: [8] Undefined index: cid D:\xampp\htdocs\cipe\Online\Runtime\Cache\online\c7cb8b9fae9034e0f2da2ab33bb130b3.php 第 118 行.
NOTIC: [8] Undefined index: cid D:\xampp\htdocs\cipe\Online\Runtime\Cache\online\c7cb8b9fae9034e0f2da2ab33bb130b3.php 第 118 行.
NOTIC: [8] Undefined index: cid D:\xampp\htdocs\cipe\Online\Runtime\Cache\online\c7cb8b9fae9034e0f2da2ab33bb130b3.php 第 118 行.
NOTIC: [8] Undefined index: cid D:\xampp\htdocs\cipe\Online\Runtime\Cache\online\c7cb8b9fae9034e0f2da2ab33bb130b3.php 第 118 行.
NOTIC: [8] Undefined index: fid D:\xampp\htdocs\cipe\Online\Runtime\Cache\online\c7cb8b9fae9034e0f2da2ab33bb130b3.php 第 113 行.
NOTIC: [8] Undefined index: cid D:\xampp\htdocs\cipe\Online\Runtime\Cache\online\c7cb8b9fae9034e0f2da2ab33bb130b3.php 第 118 行.
NOTIC: [8] Undefined index: cid D:\xampp\htdocs\cipe\Online\Runtime\Cache\online\c7cb8b9fae9034e0f2da2ab33bb130b3.php 第 118 行.
NOTIC: [8] Undefined index: cid D:\xampp\htdocs\cipe\Online\Runtime\Cache\online\c7cb8b9fae9034e0f2da2ab33bb130b3.php 第 118 行.
NOTIC: [8] Undefined index: cid D:\xampp\htdocs\cipe\Online\Runtime\Cache\online\c7cb8b9fae9034e0f2da2ab33bb130b3.php 第 118 行.
NOTIC: [8] Undefined index: fid D:\xampp\htdocs\cipe\Online\Runtime\Cache\online\c7cb8b9fae9034e0f2da2ab33bb130b3.php 第 113 行.
NOTIC: [8] Undefined index: cid D:\xampp\htdocs\cipe\Online\Runtime\Cache\online\c7cb8b9fae9034e0f2da2ab33bb130b3.php 第 118 行.
NOTIC: [8] Undefined index: cid D:\xampp\htdocs\cipe\Online\Runtime\Cache\online\c7cb8b9fae9034e0f2da2ab33bb130b3.php 第 118 行.
NOTIC: [8] Undefined index: cid D:\xampp\htdocs\cipe\Online\Runtime\Cache\online\c7cb8b9fae9034e0f2da2ab33bb130b3.php 第 118 行.
NOTIC: [8] Undefined index: cid D:\xampp\htdocs\cipe\Online\Runtime\Cache\online\c7cb8b9fae9034e0f2da2ab33bb130b3.php 第 118 行.
NOTIC: [8] Undefined index: cid D:\xampp\htdocs\cipe\Online\Runtime\Cache\online\c7cb8b9fae9034e0f2da2ab33bb130b3.php 第 118 行.
NOTIC: [8] Undefined index: cid D:\xampp\htdocs\cipe\Online\Runtime\Cache\online\c7cb8b9fae9034e0f2da2ab33bb130b3.php 第 118 行.
NOTIC: [8] Undefined index: cid D:\xampp\htdocs\cipe\Online\Runtime\Cache\online\c7cb8b9fae9034e0f2da2ab33bb130b3.php 第 118 行.
NOTIC: [8] Undefined index: fid D:\xampp\htdocs\cipe\Online\Runtime\Cache\online\c7cb8b9fae9034e0f2da2ab33bb130b3.php 第 113 行.
NOTIC: [8] Undefined index: cid D:\xampp\htdocs\cipe\Online\Runtime\Cache\online\c7cb8b9fae9034e0f2da2ab33bb130b3.php 第 118 行.
NOTIC: [8] Undefined index: cid D:\xampp\htdocs\cipe\Online\Runtime\Cache\online\c7cb8b9fae9034e0f2da2ab33bb130b3.php 第 118 行.
NOTIC: [8] Undefined index: data D:\xampp\htdocs\cipe\Online\Runtime\Cache\online\c7cb8b9fae9034e0f2da2ab33bb130b3.php 第 133 行.
NOTIC: [2] Invalid argument supplied for foreach() D:\xampp\htdocs\cipe\Online\Runtime\Cache\online\c7cb8b9fae9034e0f2da2ab33bb130b3.php 第 133 行.
NOTIC: [8] Undefined index: html D:\xampp\htdocs\cipe\Online\Runtime\Cache\online\c7cb8b9fae9034e0f2da2ab33bb130b3.php 第 162 行.
NOTIC: [8] Undefined variable: domain D:\xampp\htdocs\cipe\ThinkPHP\Common\functions.php 第 1031 行.
NOTIC: [8] Undefined variable: domain D:\xampp\htdocs\cipe\ThinkPHP\Common\functions.php 第 1031 行.
INFO: Run Behavior\ParseTemplateBehavior [ RunTime:0.027357s ]
INFO: [ view_parse ] --END-- [ RunTime:0.027463s ]
INFO: [ view_filter ] --START--
INFO: Run Behavior\WriteHtmlCacheBehavior [ RunTime:0.000501s ]
INFO: [ view_filter ] --END-- [ RunTime:0.000584s ]
INFO: [ app_end ] --START--
INFO: Run Behavior\ShowPageTraceBehavior [ RunTime:0.004371s ]
INFO: [ app_end ] --END-- [ RunTime:0.004516s ]

